#
# There is insufficient memory for the Java Runtime Environment to continue.
# Native memory allocation (mmap) failed to map 138412032 bytes for committing reserved memory.
# Possible reasons:
#   The system is out of physical RAM or swap space
#   In 32 bit mode, the process size limit was hit
# Possible solutions:
#   Reduce memory load on the system
#   Increase physical memory or swap space
#   Check if swap backing store is full
#   Use 64 bit Java on a 64 bit OS
#   Decrease Java heap size (-Xmx/-Xms)
#   Decrease number of Java threads
#   Decrease Java thread stack sizes (-Xss)
#   Set larger code cache with -XX:ReservedCodeCacheSize=
# This output file may be truncated or incomplete.
#
#  Out of Memory Error (os_linux.cpp:2627), pid=7078, tid=139983946184448
#
# JRE version: Java(TM) SE Runtime Environment (8.0_91-b14) (build 1.8.0_91-b14)
# Java VM: Java HotSpot(TM) 64-Bit Server VM (25.91-b14 mixed mode linux-amd64 compressed oops)
# Failed to write core dump. Core dumps have been disabled. To enable core dumping, try "ulimit -c unlimited" before starting Java again
#

---------------  T H R E A D  ---------------

Current thread (0x00007f50a4077800):  VMThread [stack: 0x00007f508d52f000,0x00007f508d630000] [id=7091]

Stack: [0x00007f508d52f000,0x00007f508d630000],  sp=0x00007f508d62e220,  free space=1020k
Native frames: (J=compiled Java code, j=interpreted, Vv=VM code, C=native code)
V  [libjvm.so+0xabc18a]  VMError::report_and_die()+0x2ba
V  [libjvm.so+0x4fafeb]  report_vm_out_of_memory(char const*, int, unsigned long, VMErrorType, char const*)+0x8b
V  [libjvm.so+0x91cbb3]  os::Linux::commit_memory_impl(char*, unsigned long, bool)+0x103
V  [libjvm.so+0x91d109]  os::pd_commit_memory(char*, unsigned long, unsigned long, bool)+0x29
V  [libjvm.so+0x91740a]  os::commit_memory(char*, unsigned long, unsigned long, bool)+0x2a
V  [libjvm.so+0x98b033]  PSVirtualSpace::expand_by(unsigned long)+0x53
V  [libjvm.so+0x98c438]  PSYoungGen::resize_generation(unsigned long, unsigned long)+0xf8
V  [libjvm.so+0x98b592]  PSYoungGen::resize(unsigned long, unsigned long)+0x22
V  [libjvm.so+0x98886b]  PSScavenge::invoke_no_policy()+0xf3b
V  [libjvm.so+0x988ff1]  PSScavenge::invoke()+0x41
V  [libjvm.so+0x9408b0]  ParallelScavengeHeap::failed_mem_allocate(unsigned long)+0x70
V  [libjvm.so+0xabdba7]  VM_ParallelGCFailedAllocation::doit()+0x97
V  [libjvm.so+0xac55d5]  VM_Operation::evaluate()+0x55
V  [libjvm.so+0xac39aa]  VMThread::evaluate_operation(VM_Operation*)+0xba
V  [libjvm.so+0xac3d2e]  VMThread::loop()+0x1ce
V  [libjvm.so+0xac41a0]  VMThread::run()+0x70
V  [libjvm.so+0x91ef78]  java_start(Thread*)+0x108

VM_Operation (0x00007f50ab8bb300): ParallelGCFailedAllocation, mode: safepoint, requested by thread 0x00007f50a400a000


---------------  P R O C E S S  ---------------

Java Threads: ( => current thread )
  0x00007f50a40c0800 JavaThread "Service Thread" daemon [_thread_blocked, id=7098, stack(0x00007f508c469000,0x00007f508c56a000)]
  0x00007f50a40bd000 JavaThread "C1 CompilerThread2" daemon [_thread_blocked, id=7097, stack(0x00007f508c56a000,0x00007f508c66b000)]
  0x00007f50a40bb800 JavaThread "C2 CompilerThread1" daemon [_thread_blocked, id=7096, stack(0x00007f508c66b000,0x00007f508c76c000)]
  0x00007f50a40b8800 JavaThread "C2 CompilerThread0" daemon [_thread_blocked, id=7095, stack(0x00007f508c76c000,0x00007f508c86d000)]
  0x00007f50a40b7000 JavaThread "Signal Dispatcher" daemon [_thread_blocked, id=7094, stack(0x00007f508c86d000,0x00007f508c96e000)]
  0x00007f50a4084000 JavaThread "Finalizer" daemon [_thread_blocked, id=7093, stack(0x00007f508d32d000,0x00007f508d42e000)]
  0x00007f50a407f800 JavaThread "Reference Handler" daemon [_thread_blocked, id=7092, stack(0x00007f508d42e000,0x00007f508d52f000)]
  0x00007f50a400a000 JavaThread "main" [_thread_blocked, id=7084, stack(0x00007f50ab7bc000,0x00007f50ab8bd000)]

Other Threads:
=>0x00007f50a4077800 VMThread [stack: 0x00007f508d52f000,0x00007f508d630000] [id=7091]
  0x00007f50a40c3000 WatcherThread [stack: 0x00007f508c368000,0x00007f508c469000] [id=7099]

VM state:at safepoint (normal execution)

VM Mutex/Monitor currently owned by a thread:  ([mutex/lock_event])
[0x00007f50a4006440] Threads_lock - owner thread: 0x00007f50a4077800
[0x00007f50a4006940] Heap_lock - owner thread: 0x00007f50a400a000

Heap:
 PSYoungGen      total 136192K, used 16886K [0x00000000ed180000, 0x00000000f6a80000, 0x0000000100000000)
  eden space 119296K, 0% used [0x00000000ed180000,0x00000000ed180000,0x00000000f4600000)
  from space 16896K, 99% used [0x00000000f4600000,0x00000000f567dbd0,0x00000000f5680000)
  to   space 13312K, 0% used [0x00000000f5680000,0x00000000f5680000,0x00000000f6380000)
 ParOldGen       total 39936K, used 35241K [0x00000000c7400000, 0x00000000c9b00000, 0x00000000ed180000)
  object space 39936K, 88% used [0x00000000c7400000,0x00000000c966a668,0x00000000c9b00000)
 Metaspace       used 3643K, capacity 5144K, committed 5376K, reserved 1056768K
  class space    used 384K, capacity 456K, committed 512K, reserved 1048576K

Card table byte_map: [0x00007f50a83aa000,0x00007f50a8571000] byte_map_base: 0x00007f50a7d70000

Marking Bits: (ParMarkBitMap*) 0x00007f50aac8ed60
 Begin Bits: [0x00007f508e3a0000, 0x00007f508f1d0000)
 End Bits:   [0x00007f508f1d0000, 0x00007f5090000000)

Polling page: 0x00007f50ab8dd000

CodeCache: size=245760Kb used=3806Kb max_used=3826Kb free=241953Kb
 bounds [0x00007f5095000000, 0x00007f50953d0000, 0x00007f50a4000000]
 total_blobs=878 nmethods=634 adapters=159
 compilation: enabled

Compilation events (10 events):
Event: 4,124 Thread 0x00007f50a40bb800  637       4       java.util.TreeMap::getEntry (84 bytes)
Event: 4,133 Thread 0x00007f50a40bb800 nmethod 637 0x00007f509539d910 code [0x00007f509539daa0, 0x00007f509539df98]
Event: 4,272 Thread 0x00007f50a40b8800  638       4       com.android.dx.cf.direct.AnnotationParser::parseAnnotations (143 bytes)
Event: 4,326 Thread 0x00007f50a40bd000  639       1       com.android.dx.cf.attrib.BaseParameterAnnotations::byteLength (8 bytes)
Event: 4,328 Thread 0x00007f50a40bd000 nmethod 639 0x00007f50953a13d0 code [0x00007f50953a1520, 0x00007f50953a1630]
Event: 4,365 Thread 0x00007f50a40bd000  640       3       com.android.dx.rop.cst.CstFloat::make (9 bytes)
Event: 4,366 Thread 0x00007f50a40bd000 nmethod 640 0x00007f509536bed0 code [0x00007f509536c060, 0x00007f509536c430]
Event: 4,366 Thread 0x00007f50a40bd000  641       3       com.android.dx.rop.cst.CstFloat::<init> (6 bytes)
Event: 4,366 Thread 0x00007f50a40bd000 nmethod 641 0x00007f509536b850 code [0x00007f509536b9e0, 0x00007f509536bd10]
Event: 4,419 Thread 0x00007f50a40b8800 nmethod 638 0x00007f50953bde90 code [0x00007f50953be340, 0x00007f50953c0650]

GC Heap History (10 events):
Event: 1,371 GC heap after
Heap after GC invocations=2 (full 0):
 PSYoungGen      total 32768K, used 2031K [0x00000000ed180000, 0x00000000ef380000, 0x0000000100000000)
  eden space 30720K, 0% used [0x00000000ed180000,0x00000000ed180000,0x00000000eef80000)
  from space 2048K, 99% used [0x00000000ef180000,0x00000000ef37bca0,0x00000000ef380000)
  to   space 2048K, 0% used [0x00000000eef80000,0x00000000eef80000,0x00000000ef180000)
 ParOldGen       total 39936K, used 1851K [0x00000000c7400000, 0x00000000c9b00000, 0x00000000ed180000)
  object space 39936K, 4% used [0x00000000c7400000,0x00000000c75cef98,0x00000000c9b00000)
 Metaspace       used 3589K, capacity 5080K, committed 5376K, reserved 1056768K
  class space    used 379K, capacity 456K, committed 512K, reserved 1048576K
}
Event: 1,683 GC heap before
{Heap before GC invocations=3 (full 0):
 PSYoungGen      total 32768K, used 32751K [0x00000000ed180000, 0x00000000ef380000, 0x0000000100000000)
  eden space 30720K, 100% used [0x00000000ed180000,0x00000000eef80000,0x00000000eef80000)
  from space 2048K, 99% used [0x00000000ef180000,0x00000000ef37bca0,0x00000000ef380000)
  to   space 2048K, 0% used [0x00000000eef80000,0x00000000eef80000,0x00000000ef180000)
 ParOldGen       total 39936K, used 1851K [0x00000000c7400000, 0x00000000c9b00000, 0x00000000ed180000)
  object space 39936K, 4% used [0x00000000c7400000,0x00000000c75cef98,0x00000000c9b00000)
 Metaspace       used 3631K, capacity 5144K, committed 5376K, reserved 1056768K
  class space    used 383K, capacity 456K, committed 512K, reserved 1048576K
Event: 1,701 GC heap after
Heap after GC invocations=3 (full 0):
 PSYoungGen      total 32768K, used 2047K [0x00000000ed180000, 0x00000000f1180000, 0x0000000100000000)
  eden space 30720K, 0% used [0x00000000ed180000,0x00000000ed180000,0x00000000eef80000)
  from space 2048K, 99% used [0x00000000eef80000,0x00000000ef17fca0,0x00000000ef180000)
  to   space 2048K, 0% used [0x00000000f0f80000,0x00000000f0f80000,0x00000000f1180000)
 ParOldGen       total 39936K, used 5743K [0x00000000c7400000, 0x00000000c9b00000, 0x00000000ed180000)
  object space 39936K, 14% used [0x00000000c7400000,0x00000000c799bcf0,0x00000000c9b00000)
 Metaspace       used 3631K, capacity 5144K, committed 5376K, reserved 1056768K
  class space    used 383K, capacity 456K, committed 512K, reserved 1048576K
}
Event: 2,294 GC heap before
{Heap before GC invocations=4 (full 0):
 PSYoungGen      total 32768K, used 32767K [0x00000000ed180000, 0x00000000f1180000, 0x0000000100000000)
  eden space 30720K, 100% used [0x00000000ed180000,0x00000000eef80000,0x00000000eef80000)
  from space 2048K, 99% used [0x00000000eef80000,0x00000000ef17fca0,0x00000000ef180000)
  to   space 2048K, 0% used [0x00000000f0f80000,0x00000000f0f80000,0x00000000f1180000)
 ParOldGen       total 39936K, used 5743K [0x00000000c7400000, 0x00000000c9b00000, 0x00000000ed180000)
  object space 39936K, 14% used [0x00000000c7400000,0x00000000c799bcf0,0x00000000c9b00000)
 Metaspace       used 3636K, capacity 5144K, committed 5376K, reserved 1056768K
  class space    used 383K, capacity 456K, committed 512K, reserved 1048576K
Event: 2,366 GC heap after
Heap after GC invocations=4 (full 0):
 PSYoungGen      total 63488K, used 2047K [0x00000000ed180000, 0x00000000f1180000, 0x0000000100000000)
  eden space 61440K, 0% used [0x00000000ed180000,0x00000000ed180000,0x00000000f0d80000)
  from space 2048K, 99% used [0x00000000f0f80000,0x00000000f117fca0,0x00000000f1180000)
  to   space 2048K, 0% used [0x00000000f0d80000,0x00000000f0d80000,0x00000000f0f80000)
 ParOldGen       total 39936K, used 10628K [0x00000000c7400000, 0x00000000c9b00000, 0x00000000ed180000)
  object space 39936K, 26% used [0x00000000c7400000,0x00000000c7e61358,0x00000000c9b00000)
 Metaspace       used 3636K, capacity 5144K, committed 5376K, reserved 1056768K
  class space    used 383K, capacity 456K, committed 512K, reserved 1048576K
}
Event: 3,149 GC heap before
{Heap before GC invocations=5 (full 0):
 PSYoungGen      total 63488K, used 63487K [0x00000000ed180000, 0x00000000f1180000, 0x0000000100000000)
  eden space 61440K, 100% used [0x00000000ed180000,0x00000000f0d80000,0x00000000f0d80000)
  from space 2048K, 99% used [0x00000000f0f80000,0x00000000f117fca0,0x00000000f1180000)
  to   space 2048K, 0% used [0x00000000f0d80000,0x00000000f0d80000,0x00000000f0f80000)
 ParOldGen       total 39936K, used 10628K [0x00000000c7400000, 0x00000000c9b00000, 0x00000000ed180000)
  object space 39936K, 26% used [0x00000000c7400000,0x00000000c7e61358,0x00000000c9b00000)
 Metaspace       used 3636K, capacity 5144K, committed 5376K, reserved 1056768K
  class space    used 383K, capacity 456K, committed 512K, reserved 1048576K
Event: 3,182 GC heap after
Heap after GC invocations=5 (full 0):
 PSYoungGen      total 63488K, used 2046K [0x00000000ed180000, 0x00000000f6380000, 0x0000000100000000)
  eden space 61440K, 0% used [0x00000000ed180000,0x00000000ed180000,0x00000000f0d80000)
  from space 2048K, 99% used [0x00000000f0d80000,0x00000000f0f7f8e0,0x00000000f0f80000)
  to   space 13312K, 0% used [0x00000000f5680000,0x00000000f5680000,0x00000000f6380000)
 ParOldGen       total 39936K, used 21728K [0x00000000c7400000, 0x00000000c9b00000, 0x00000000ed180000)
  object space 39936K, 54% used [0x00000000c7400000,0x00000000c89381e8,0x00000000c9b00000)
 Metaspace       used 3636K, capacity 5144K, committed 5376K, reserved 1056768K
  class space    used 383K, capacity 456K, committed 512K, reserved 1048576K
}
Event: 3,621 GC heap before
{Heap before GC invocations=6 (full 0):
 PSYoungGen      total 63488K, used 63486K [0x00000000ed180000, 0x00000000f6380000, 0x0000000100000000)
  eden space 61440K, 100% used [0x00000000ed180000,0x00000000f0d80000,0x00000000f0d80000)
  from space 2048K, 99% used [0x00000000f0d80000,0x00000000f0f7f8e0,0x00000000f0f80000)
  to   space 13312K, 0% used [0x00000000f5680000,0x00000000f5680000,0x00000000f6380000)
 ParOldGen       total 39936K, used 21728K [0x00000000c7400000, 0x00000000c9b00000, 0x00000000ed180000)
  object space 39936K, 54% used [0x00000000c7400000,0x00000000c89381e8,0x00000000c9b00000)
 Metaspace       used 3637K, capacity 5144K, committed 5376K, reserved 1056768K
  class space    used 384K, capacity 456K, committed 512K, reserved 1048576K
Event: 3,679 GC heap after
Heap after GC invocations=6 (full 0):
 PSYoungGen      total 132608K, used 13287K [0x00000000ed180000, 0x00000000f6a80000, 0x0000000100000000)
  eden space 119296K, 0% used [0x00000000ed180000,0x00000000ed180000,0x00000000f4600000)
  from space 13312K, 99% used [0x00000000f5680000,0x00000000f6379fc8,0x00000000f6380000)
  to   space 16896K, 0% used [0x00000000f4600000,0x00000000f4600000,0x00000000f5680000)
 ParOldGen       total 39936K, used 22876K [0x00000000c7400000, 0x00000000c9b00000, 0x00000000ed180000)
  object space 39936K, 57% used [0x00000000c7400000,0x00000000c8a570c0,0x00000000c9b00000)
 Metaspace       used 3637K, capacity 5144K, committed 5376K, reserved 1056768K
  class space    used 384K, capacity 456K, committed 512K, reserved 1048576K
}
Event: 4,935 GC heap before
{Heap before GC invocations=7 (full 0):
 PSYoungGen      total 132608K, used 132583K [0x00000000ed180000, 0x00000000f6a80000, 0x0000000100000000)
  eden space 119296K, 100% used [0x00000000ed180000,0x00000000f4600000,0x00000000f4600000)
  from space 13312K, 99% used [0x00000000f5680000,0x00000000f6379fc8,0x00000000f6380000)
  to   space 16896K, 0% used [0x00000000f4600000,0x00000000f4600000,0x00000000f5680000)
 ParOldGen       total 39936K, used 22876K [0x00000000c7400000, 0x00000000c9b00000, 0x00000000ed180000)
  object space 39936K, 57% used [0x00000000c7400000,0x00000000c8a570c0,0x00000000c9b00000)
 Metaspace       used 3643K, capacity 5144K, committed 5376K, reserved 1056768K
  class space    used 384K, capacity 456K, committed 512K, reserved 1048576K

Deoptimization events (3 events):
Event: 1,273 Thread 0x00007f50a400a000 Uncommon trap: reason=unloaded action=reinterpret pc=0x00007f509520aa4c method=com.android.dx.cf.cst.ConstantPoolParser.parse0(ILjava/util/BitSet;)Lcom/android/dx/rop/cst/Constant; @ 176
Event: 2,138 Thread 0x00007f50a400a000 Uncommon trap: reason=unstable_if action=reinterpret pc=0x00007f50952eed58 method=com.android.dx.cf.direct.StdAttributeFactory.parse0(Lcom/android/dx/cf/direct/DirectClassFile;ILjava/lang/String;IILcom/android/dx/cf/iface/ParseObserver;)Lcom/android/dx/cf
Event: 3,146 Thread 0x00007f50a400a000 Uncommon trap: reason=unstable_if action=reinterpret pc=0x00007f5095355fe8 method=java.util.zip.ZipFile$ZipFileInputStream.read([BII)I @ 46

Internal exceptions (2 events):
Event: 0,158 Thread 0x00007f50a400a000 Exception <a 'java/lang/NoSuchMethodError': Method sun.misc.Unsafe.defineClass(Ljava/lang/String;[BII)Ljava/lang/Class; name or signature does not match> (0x00000000ed187cc0) thrown at [/HUDSON/workspace/8-2-build-linux-amd64/jdk8u91/6644/hotspot/src/shar
Event: 0,158 Thread 0x00007f50a400a000 Exception <a 'java/lang/NoSuchMethodError': Method sun.misc.Unsafe.prefetchRead(Ljava/lang/Object;J)V name or signature does not match> (0x00000000ed187fa8) thrown at [/HUDSON/workspace/8-2-build-linux-amd64/jdk8u91/6644/hotspot/src/share/vm/prims/jni.cpp

Events (10 events):
Event: 3,182 Executing VM operation: ParallelGCFailedAllocation done
Event: 3,512 loading class java/util/ArrayList$1
Event: 3,513 loading class java/util/ArrayList$1 done
Event: 3,582 Thread 0x00007f50a400a000 DEOPT PACKING pc=0x00007f5095364a80 sp=0x00007f50ab8bafe0
Event: 3,582 Thread 0x00007f50a400a000 DEOPT UNPACKING pc=0x00007f5095047233 sp=0x00007f50ab8bad10 mode 0
Event: 3,621 Executing VM operation: ParallelGCFailedAllocation
Event: 3,679 Executing VM operation: ParallelGCFailedAllocation done
Event: 4,296 Executing VM operation: EnableBiasedLocking
Event: 4,297 Executing VM operation: EnableBiasedLocking done
Event: 4,734 Executing VM operation: ParallelGCFailedAllocation


Dynamic libraries:
00400000-00401000 r-xp 00000000 fc:01 11537910                           /usr/lib/jvm/java-8-oracle/bin/java
00600000-00601000 rw-p 00000000 fc:01 11537910                           /usr/lib/jvm/java-8-oracle/bin/java
0160a000-0162b000 rw-p 00000000 00:00 0                                  [heap]
c7400000-c9b00000 rw-p 00000000 00:00 0 
c9b00000-ed180000 ---p 00000000 00:00 0 
ed180000-f6a80000 rw-p 00000000 00:00 0 
fee80000-100000000 ---p 00000000 00:00 0 
100000000-100080000 rw-p 00000000 00:00 0 
100080000-140000000 ---p 00000000 00:00 0 
7f5058000000-7f5058021000 rw-p 00000000 00:00 0 
7f5058021000-7f505c000000 ---p 00000000 00:00 0 
7f505c000000-7f505c021000 rw-p 00000000 00:00 0 
7f505c021000-7f5060000000 ---p 00000000 00:00 0 
7f5060000000-7f5060b0d000 rw-p 00000000 00:00 0 
7f5060b0d000-7f5064000000 ---p 00000000 00:00 0 
7f5064000000-7f5064780000 rw-p 00000000 00:00 0 
7f5064780000-7f5068000000 ---p 00000000 00:00 0 
7f5068000000-7f5068021000 rw-p 00000000 00:00 0 
7f5068021000-7f506c000000 ---p 00000000 00:00 0 
7f506c000000-7f506cf09000 rw-p 00000000 00:00 0 
7f506cf09000-7f5070000000 ---p 00000000 00:00 0 
7f5070000000-7f5070021000 rw-p 00000000 00:00 0 
7f5070021000-7f5074000000 ---p 00000000 00:00 0 
7f5074000000-7f5074021000 rw-p 00000000 00:00 0 
7f5074021000-7f5078000000 ---p 00000000 00:00 0 
7f5078000000-7f5078021000 rw-p 00000000 00:00 0 
7f5078021000-7f507c000000 ---p 00000000 00:00 0 
7f507c000000-7f507c290000 rw-p 00000000 00:00 0 
7f507c290000-7f5080000000 ---p 00000000 00:00 0 
7f5080000000-7f5080021000 rw-p 00000000 00:00 0 
7f5080021000-7f5084000000 ---p 00000000 00:00 0 
7f5088000000-7f5088021000 rw-p 00000000 00:00 0 
7f5088021000-7f508c000000 ---p 00000000 00:00 0 
7f508c224000-7f508c24a000 r--p 00000000 fc:01 12731165                   /usr/share/locale-langpack/de/LC_MESSAGES/libc.mo
7f508c24a000-7f508c271000 rw-p 00000000 00:00 0 
7f508c271000-7f508c368000 r--s 009aa000 00:29 132661                     /home/kansei/Dokumente/pornHub/GoApp/Implementierung/Client/GoApp/app/build/intermediates/transforms/jarMerging/debug/jars/1/1f/combined.jar
7f508c368000-7f508c369000 ---p 00000000 00:00 0 
7f508c369000-7f508c469000 rw-p 00000000 00:00 0 
7f508c469000-7f508c46c000 ---p 00000000 00:00 0 
7f508c46c000-7f508c56a000 rw-p 00000000 00:00 0 
7f508c56a000-7f508c56d000 ---p 00000000 00:00 0 
7f508c56d000-7f508c66b000 rw-p 00000000 00:00 0 
7f508c66b000-7f508c66e000 ---p 00000000 00:00 0 
7f508c66e000-7f508c76c000 rw-p 00000000 00:00 0 
7f508c76c000-7f508c76f000 ---p 00000000 00:00 0 
7f508c76f000-7f508c86d000 rw-p 00000000 00:00 0 
7f508c86d000-7f508c870000 ---p 00000000 00:00 0 
7f508c870000-7f508c96e000 rw-p 00000000 00:00 0 
7f508c96e000-7f508d32d000 r--p 00000000 fc:01 11541556                   /usr/lib/locale/locale-archive
7f508d32d000-7f508d330000 ---p 00000000 00:00 0 
7f508d330000-7f508d42e000 rw-p 00000000 00:00 0 
7f508d42e000-7f508d431000 ---p 00000000 00:00 0 
7f508d431000-7f508d52f000 rw-p 00000000 00:00 0 
7f508d52f000-7f508d530000 ---p 00000000 00:00 0 
7f508d530000-7f5090000000 rw-p 00000000 00:00 0 
7f5090000000-7f5090021000 rw-p 00000000 00:00 0 
7f5090021000-7f5094000000 ---p 00000000 00:00 0 
7f5094005000-7f509400c000 r--s 00000000 fc:01 11799707                   /usr/lib/x86_64-linux-gnu/gconv/gconv-modules.cache
7f509400c000-7f509401b000 r--s 000df000 00:29 1712224                    /home/kansei/Android/Sdk/build-tools/23.0.3/lib/dx.jar
7f509401b000-7f509425f000 rw-p 00000000 00:00 0 
7f509425f000-7f5094438000 r--s 03d1f000 fc:01 12716175                   /usr/lib/jvm/java-8-oracle/jre/lib/rt.jar
7f5094438000-7f50948f8000 rw-p 00000000 00:00 0 
7f50948f8000-7f5094c38000 ---p 00000000 00:00 0 
7f5094c38000-7f5094dfe000 rw-p 00000000 00:00 0 
7f5094dfe000-7f5094dff000 ---p 00000000 00:00 0 
7f5094dff000-7f5094eff000 rw-p 00000000 00:00 0 
7f5094eff000-7f5094f00000 ---p 00000000 00:00 0 
7f5094f00000-7f5095000000 rw-p 00000000 00:00 0 
7f5095000000-7f50953d0000 rwxp 00000000 00:00 0 
7f50953d0000-7f50a4000000 ---p 00000000 00:00 0 
7f50a4000000-7f50a43aa000 rw-p 00000000 00:00 0 
7f50a43aa000-7f50a8000000 ---p 00000000 00:00 0 
7f50a8003000-7f50a8079000 rw-p 00000000 00:00 0 
7f50a8079000-7f50a807a000 ---p 00000000 00:00 0 
7f50a807a000-7f50a817a000 rw-p 00000000 00:00 0 
7f50a817a000-7f50a817b000 ---p 00000000 00:00 0 
7f50a817b000-7f50a828f000 rw-p 00000000 00:00 0 
7f50a828f000-7f50a83aa000 ---p 00000000 00:00 0 
7f50a83aa000-7f50a83be000 rw-p 00000000 00:00 0 
7f50a83be000-7f50a84d8000 ---p 00000000 00:00 0 
7f50a84d8000-7f50a8526000 rw-p 00000000 00:00 0 
7f50a8526000-7f50a8570000 ---p 00000000 00:00 0 
7f50a8570000-7f50a8581000 rw-p 00000000 00:00 0 
7f50a8581000-7f50a8931000 ---p 00000000 00:00 0 
7f50a8931000-7f50a894b000 r-xp 00000000 fc:01 12846195                   /usr/lib/jvm/java-8-oracle/jre/lib/amd64/libzip.so
7f50a894b000-7f50a8b4b000 ---p 0001a000 fc:01 12846195                   /usr/lib/jvm/java-8-oracle/jre/lib/amd64/libzip.so
7f50a8b4b000-7f50a8b4c000 rw-p 0001a000 fc:01 12846195                   /usr/lib/jvm/java-8-oracle/jre/lib/amd64/libzip.so
7f50a8b4c000-7f50a8b57000 r-xp 00000000 fc:01 3150341                    /lib/x86_64-linux-gnu/libnss_files-2.23.so
7f50a8b57000-7f50a8d56000 ---p 0000b000 fc:01 3150341                    /lib/x86_64-linux-gnu/libnss_files-2.23.so
7f50a8d56000-7f50a8d57000 r--p 0000a000 fc:01 3150341                    /lib/x86_64-linux-gnu/libnss_files-2.23.so
7f50a8d57000-7f50a8d58000 rw-p 0000b000 fc:01 3150341                    /lib/x86_64-linux-gnu/libnss_files-2.23.so
7f50a8d58000-7f50a8d5e000 rw-p 00000000 00:00 0 
7f50a8d5e000-7f50a8d69000 r-xp 00000000 fc:01 3150351                    /lib/x86_64-linux-gnu/libnss_nis-2.23.so
7f50a8d69000-7f50a8f68000 ---p 0000b000 fc:01 3150351                    /lib/x86_64-linux-gnu/libnss_nis-2.23.so
7f50a8f68000-7f50a8f69000 r--p 0000a000 fc:01 3150351                    /lib/x86_64-linux-gnu/libnss_nis-2.23.so
7f50a8f69000-7f50a8f6a000 rw-p 0000b000 fc:01 3150351                    /lib/x86_64-linux-gnu/libnss_nis-2.23.so
7f50a8f6a000-7f50a8f80000 r-xp 00000000 fc:01 3150335                    /lib/x86_64-linux-gnu/libnsl-2.23.so
7f50a8f80000-7f50a917f000 ---p 00016000 fc:01 3150335                    /lib/x86_64-linux-gnu/libnsl-2.23.so
7f50a917f000-7f50a9180000 r--p 00015000 fc:01 3150335                    /lib/x86_64-linux-gnu/libnsl-2.23.so
7f50a9180000-7f50a9181000 rw-p 00016000 fc:01 3150335                    /lib/x86_64-linux-gnu/libnsl-2.23.so
7f50a9181000-7f50a9183000 rw-p 00000000 00:00 0 
7f50a9183000-7f50a918b000 r-xp 00000000 fc:01 3150337                    /lib/x86_64-linux-gnu/libnss_compat-2.23.so
7f50a918b000-7f50a938a000 ---p 00008000 fc:01 3150337                    /lib/x86_64-linux-gnu/libnss_compat-2.23.so
7f50a938a000-7f50a938b000 r--p 00007000 fc:01 3150337                    /lib/x86_64-linux-gnu/libnss_compat-2.23.so
7f50a938b000-7f50a938c000 rw-p 00008000 fc:01 3150337                    /lib/x86_64-linux-gnu/libnss_compat-2.23.so
7f50a938c000-7f50a93b6000 r-xp 00000000 fc:01 12846190                   /usr/lib/jvm/java-8-oracle/jre/lib/amd64/libjava.so
7f50a93b6000-7f50a95b6000 ---p 0002a000 fc:01 12846190                   /usr/lib/jvm/java-8-oracle/jre/lib/amd64/libjava.so
7f50a95b6000-7f50a95b8000 rw-p 0002a000 fc:01 12846190                   /usr/lib/jvm/java-8-oracle/jre/lib/amd64/libjava.so
7f50a95b8000-7f50a95c5000 r-xp 00000000 fc:01 12846194                   /usr/lib/jvm/java-8-oracle/jre/lib/amd64/libverify.so
7f50a95c5000-7f50a97c5000 ---p 0000d000 fc:01 12846194                   /usr/lib/jvm/java-8-oracle/jre/lib/amd64/libverify.so
7f50a97c5000-7f50a97c7000 rw-p 0000d000 fc:01 12846194                   /usr/lib/jvm/java-8-oracle/jre/lib/amd64/libverify.so
7f50a97c7000-7f50a97ce000 r-xp 00000000 fc:01 3150396                    /lib/x86_64-linux-gnu/librt-2.23.so
7f50a97ce000-7f50a99cd000 ---p 00007000 fc:01 3150396                    /lib/x86_64-linux-gnu/librt-2.23.so
7f50a99cd000-7f50a99ce000 r--p 00006000 fc:01 3150396                    /lib/x86_64-linux-gnu/librt-2.23.so
7f50a99ce000-7f50a99cf000 rw-p 00007000 fc:01 3150396                    /lib/x86_64-linux-gnu/librt-2.23.so
7f50a99cf000-7f50a9ad7000 r-xp 00000000 fc:01 3150312                    /lib/x86_64-linux-gnu/libm-2.23.so
7f50a9ad7000-7f50a9cd6000 ---p 00108000 fc:01 3150312                    /lib/x86_64-linux-gnu/libm-2.23.so
7f50a9cd6000-7f50a9cd7000 r--p 00107000 fc:01 3150312                    /lib/x86_64-linux-gnu/libm-2.23.so
7f50a9cd7000-7f50a9cd8000 rw-p 00108000 fc:01 3150312                    /lib/x86_64-linux-gnu/libm-2.23.so
7f50a9cd8000-7f50aa998000 r-xp 00000000 fc:01 12846173                   /usr/lib/jvm/java-8-oracle/jre/lib/amd64/server/libjvm.so
7f50aa998000-7f50aab98000 ---p 00cc0000 fc:01 12846173                   /usr/lib/jvm/java-8-oracle/jre/lib/amd64/server/libjvm.so
7f50aab98000-7f50aac70000 rw-p 00cc0000 fc:01 12846173                   /usr/lib/jvm/java-8-oracle/jre/lib/amd64/server/libjvm.so
7f50aac70000-7f50aacbb000 rw-p 00000000 00:00 0 
7f50aacbb000-7f50aae7b000 r-xp 00000000 fc:01 3150242                    /lib/x86_64-linux-gnu/libc-2.23.so
7f50aae7b000-7f50ab07a000 ---p 001c0000 fc:01 3150242                    /lib/x86_64-linux-gnu/libc-2.23.so
7f50ab07a000-7f50ab07e000 r--p 001bf000 fc:01 3150242                    /lib/x86_64-linux-gnu/libc-2.23.so
7f50ab07e000-7f50ab080000 rw-p 001c3000 fc:01 3150242                    /lib/x86_64-linux-gnu/libc-2.23.so
7f50ab080000-7f50ab084000 rw-p 00000000 00:00 0 
7f50ab084000-7f50ab087000 r-xp 00000000 fc:01 3150266                    /lib/x86_64-linux-gnu/libdl-2.23.so
7f50ab087000-7f50ab286000 ---p 00003000 fc:01 3150266                    /lib/x86_64-linux-gnu/libdl-2.23.so
7f50ab286000-7f50ab287000 r--p 00002000 fc:01 3150266                    /lib/x86_64-linux-gnu/libdl-2.23.so
7f50ab287000-7f50ab288000 rw-p 00003000 fc:01 3150266                    /lib/x86_64-linux-gnu/libdl-2.23.so
7f50ab288000-7f50ab29d000 r-xp 00000000 fc:01 12588416                   /usr/lib/jvm/java-8-oracle/lib/amd64/jli/libjli.so
7f50ab29d000-7f50ab49d000 ---p 00015000 fc:01 12588416                   /usr/lib/jvm/java-8-oracle/lib/amd64/jli/libjli.so
7f50ab49d000-7f50ab49e000 rw-p 00015000 fc:01 12588416                   /usr/lib/jvm/java-8-oracle/lib/amd64/jli/libjli.so
7f50ab49e000-7f50ab4b6000 r-xp 00000000 fc:01 3150388                    /lib/x86_64-linux-gnu/libpthread-2.23.so
7f50ab4b6000-7f50ab6b5000 ---p 00018000 fc:01 3150388                    /lib/x86_64-linux-gnu/libpthread-2.23.so
7f50ab6b5000-7f50ab6b6000 r--p 00017000 fc:01 3150388                    /lib/x86_64-linux-gnu/libpthread-2.23.so
7f50ab6b6000-7f50ab6b7000 rw-p 00018000 fc:01 3150388                    /lib/x86_64-linux-gnu/libpthread-2.23.so
7f50ab6b7000-7f50ab6bb000 rw-p 00000000 00:00 0 
7f50ab6bb000-7f50ab6e1000 r-xp 00000000 fc:01 3150214                    /lib/x86_64-linux-gnu/ld-2.23.so
7f50ab6e2000-7f50ab6ea000 r--s 00026000 00:29 132666                     /home/kansei/Dokumente/pornHub/GoApp/Implementierung/Client/GoApp/app/build/intermediates/multi-dex/debug/componentClasses.jar
7f50ab6ea000-7f50ab7bc000 rw-p 00000000 00:00 0 
7f50ab7bc000-7f50ab7bf000 ---p 00000000 00:00 0 
7f50ab7bf000-7f50ab8c1000 rw-p 00000000 00:00 0 
7f50ab8c2000-7f50ab8d4000 rw-p 00000000 00:00 0 
7f50ab8d4000-7f50ab8dc000 rw-s 00000000 fc:01 7733361                    /tmp/hsperfdata_kansei/7078
7f50ab8dc000-7f50ab8dd000 rw-p 00000000 00:00 0 
7f50ab8dd000-7f50ab8de000 ---p 00000000 00:00 0 
7f50ab8de000-7f50ab8e0000 rw-p 00000000 00:00 0 
7f50ab8e0000-7f50ab8e1000 r--p 00025000 fc:01 3150214                    /lib/x86_64-linux-gnu/ld-2.23.so
7f50ab8e1000-7f50ab8e2000 rw-p 00026000 fc:01 3150214                    /lib/x86_64-linux-gnu/ld-2.23.so
7f50ab8e2000-7f50ab8e3000 rw-p 00000000 00:00 0 
7fffe3eaf000-7fffe3ed0000 rw-p 00000000 00:00 0                          [stack]
7fffe3fba000-7fffe3fbc000 r--p 00000000 00:00 0                          [vvar]
7fffe3fbc000-7fffe3fbe000 r-xp 00000000 00:00 0                          [vdso]
ffffffffff600000-ffffffffff601000 r-xp 00000000 00:00 0                  [vsyscall]

VM Arguments:
jvm_args: -Djava.awt.headless=true -Dfile.encoding=UTF-8 -Duser.country=DE -Duser.language=de -Duser.variant 
java_command: com.android.multidex.ClassReferenceListBuilder /home/kansei/Dokumente/pornHub/GoApp/Implementierung/Client/GoApp/app/build/intermediates/multi-dex/debug/componentClasses.jar /home/kansei/Dokumente/pornHub/GoApp/Implementierung/Client/GoApp/app/build/intermediates/transforms/jarMerging/debug/jars/1/1f/combined.jar
java_class_path (initial): /home/kansei/Android/Sdk/build-tools/23.0.3/lib/dx.jar
Launcher Type: SUN_STANDARD

Environment Variables:
JAVA_HOME=/usr/lib/jvm/java-8-oracle
PATH=/usr/local/sbin:/usr/local/bin:/usr/sbin:/usr/bin:/sbin:/bin:/usr/games:/usr/local/games:/snap/bin
LD_LIBRARY_PATH=.:
SHELL=/bin/bash
DISPLAY=:0

Signal Handlers:
SIGSEGV: [libjvm.so+0xabca10], sa_mask[0]=11111111011111111101111111111110, sa_flags=SA_RESTART|SA_SIGINFO
SIGBUS: [libjvm.so+0xabca10], sa_mask[0]=11111111011111111101111111111110, sa_flags=SA_RESTART|SA_SIGINFO
SIGFPE: [libjvm.so+0x919a20], sa_mask[0]=11111111011111111101111111111110, sa_flags=SA_RESTART|SA_SIGINFO
SIGPIPE: [libjvm.so+0x919a20], sa_mask[0]=11111111011111111101111111111110, sa_flags=SA_RESTART|SA_SIGINFO
SIGXFSZ: [libjvm.so+0x919a20], sa_mask[0]=11111111011111111101111111111110, sa_flags=SA_RESTART|SA_SIGINFO
SIGILL: [libjvm.so+0x919a20], sa_mask[0]=11111111011111111101111111111110, sa_flags=SA_RESTART|SA_SIGINFO
SIGUSR1: SIG_DFL, sa_mask[0]=00000000000000000000000000000000, sa_flags=none
SIGUSR2: [libjvm.so+0x91b050], sa_mask[0]=00100000000000000000000000000000, sa_flags=SA_RESTART|SA_SIGINFO
SIGHUP: [libjvm.so+0x91c450], sa_mask[0]=11111111011111111101111111111110, sa_flags=SA_RESTART|SA_SIGINFO
SIGINT: [libjvm.so+0x91c450], sa_mask[0]=11111111011111111101111111111110, sa_flags=SA_RESTART|SA_SIGINFO
SIGTERM: [libjvm.so+0x91c450], sa_mask[0]=11111111011111111101111111111110, sa_flags=SA_RESTART|SA_SIGINFO
SIGQUIT: [libjvm.so+0x91c450], sa_mask[0]=11111111011111111101111111111110, sa_flags=SA_RESTART|SA_SIGINFO


---------------  S Y S T E M  ---------------

OS:DISTRIB_ID=Ubuntu
DISTRIB_RELEASE=16.04
DISTRIB_CODENAME=xenial
DISTRIB_DESCRIPTION="Ubuntu 16.04 LTS"

uname:Linux 4.4.0-28-generic #47-Ubuntu SMP Fri Jun 24 10:09:13 UTC 2016 x86_64
libc:glibc 2.23 NPTL 2.23 
rlimit: STACK 8192k, CORE 0k, NPROC 14338, NOFILE 65536, AS infinity
load average:14,27 6,44 4,17

/proc/meminfo:
MemTotal:        3711520 kB
MemFree:          106696 kB
MemAvailable:      17420 kB
Buffers:             300 kB
Cached:           136020 kB
SwapCached:          688 kB
Active:          2640896 kB
Inactive:         737804 kB
Active(anon):    2630192 kB
Inactive(anon):   728524 kB
Active(file):      10704 kB
Inactive(file):     9280 kB
Unevictable:         120 kB
Mlocked:             120 kB
SwapTotal:       3853820 kB
SwapFree:              0 kB
Dirty:                68 kB
Writeback:            16 kB
AnonPages:       3243240 kB
Mapped:            28836 kB
Shmem:            115484 kB
Slab:              94688 kB
SReclaimable:      43500 kB
SUnreclaim:        51188 kB
KernelStack:       12192 kB
PageTables:        60772 kB
NFS_Unstable:          0 kB
Bounce:                0 kB
WritebackTmp:          0 kB
CommitLimit:     5709580 kB
Committed_AS:   13394304 kB
VmallocTotal:   34359738367 kB
VmallocUsed:           0 kB
VmallocChunk:          0 kB
HardwareCorrupted:     0 kB
AnonHugePages:    557056 kB
CmaTotal:              0 kB
CmaFree:               0 kB
HugePages_Total:       0
HugePages_Free:        0
HugePages_Rsvd:        0
HugePages_Surp:        0
Hugepagesize:       2048 kB
DirectMap4k:      166788 kB
DirectMap2M:     3688448 kB


CPU:total 4 (2 cores per cpu, 2 threads per core) family 6 model 37 stepping 5, cmov, cx8, fxsr, mmx, sse, sse2, sse3, ssse3, sse4.1, sse4.2, popcnt, ht, tsc, tscinvbit

/proc/cpuinfo:
processor	: 0
vendor_id	: GenuineIntel
cpu family	: 6
model		: 37
model name	: Intel(R) Core(TM) i5 CPU       M 480  @ 2.67GHz
stepping	: 5
microcode	: 0x4
cpu MHz		: 2667.000
cache size	: 3072 KB
physical id	: 0
siblings	: 4
core id		: 0
cpu cores	: 2
apicid		: 0
initial apicid	: 0
fpu		: yes
fpu_exception	: yes
cpuid level	: 11
wp		: yes
flags		: fpu vme de pse tsc msr pae mce cx8 apic sep mtrr pge mca cmov pat pse36 clflush dts acpi mmx fxsr sse sse2 ss ht tm pbe syscall nx rdtscp lm constant_tsc arch_perfmon pebs bts rep_good nopl xtopology nonstop_tsc aperfmperf pni dtes64 monitor ds_cpl vmx est tm2 ssse3 cx16 xtpr pdcm pcid sse4_1 sse4_2 popcnt lahf_lm tpr_shadow vnmi flexpriority ept vpid dtherm ida arat
bugs		:
bogomips	: 5320.81
clflush size	: 64
cache_alignment	: 64
address sizes	: 36 bits physical, 48 bits virtual
power management:

processor	: 1
vendor_id	: GenuineIntel
cpu family	: 6
model		: 37
model name	: Intel(R) Core(TM) i5 CPU       M 480  @ 2.67GHz
stepping	: 5
microcode	: 0x4
cpu MHz		: 2667.000
cache size	: 3072 KB
physical id	: 0
siblings	: 4
core id		: 2
cpu cores	: 2
apicid		: 4
initial apicid	: 4
fpu		: yes
fpu_exception	: yes
cpuid level	: 11
wp		: yes
flags		: fpu vme de pse tsc msr pae mce cx8 apic sep mtrr pge mca cmov pat pse36 clflush dts acpi mmx fxsr sse sse2 ss ht tm pbe syscall nx rdtscp lm constant_tsc arch_perfmon pebs bts rep_good nopl xtopology nonstop_tsc aperfmperf pni dtes64 monitor ds_cpl vmx est tm2 ssse3 cx16 xtpr pdcm pcid sse4_1 sse4_2 popcnt lahf_lm tpr_shadow vnmi flexpriority ept vpid dtherm ida arat
bugs		:
bogomips	: 5320.81
clflush size	: 64
cache_alignment	: 64
address sizes	: 36 bits physical, 48 bits virtual
power management:

processor	: 2
vendor_id	: GenuineIntel
cpu family	: 6
model		: 37
model name	: Intel(R) Core(TM) i5 CPU       M 480  @ 2.67GHz
stepping	: 5
microcode	: 0x4
cpu MHz		: 2667.000
cache size	: 3072 KB
physical id	: 0
siblings	: 4
core id		: 0
cpu cores	: 2
apicid		: 1
initial apicid	: 1
fpu		: yes
fpu_exception	: yes
cpuid level	: 11
wp		: yes
flags		: fpu vme de pse tsc msr pae mce cx8 apic sep mtrr pge mca cmov pat pse36 clflush dts acpi mmx fxsr sse sse2 ss ht tm pbe syscall nx rdtscp lm constant_tsc arch_perfmon pebs bts rep_good nopl xtopology nonstop_tsc aperfmperf pni dtes64 monitor ds_cpl vmx est tm2 ssse3 cx16 xtpr pdcm pcid sse4_1 sse4_2 popcnt lahf_lm tpr_shadow vnmi flexpriority ept vpid dtherm ida arat
bugs		:
bogomips	: 5320.81
clflush size	: 64
cache_alignment	: 64
address sizes	: 36 bits physical, 48 bits virtual
power management:

processor	: 3
vendor_id	: GenuineIntel
cpu family	: 6
model		: 37
model name	: Intel(R) Core(TM) i5 CPU       M 480  @ 2.67GHz
stepping	: 5
microcode	: 0x4
cpu MHz		: 2667.000
cache size	: 3072 KB
physical id	: 0
siblings	: 4
core id		: 2
cpu cores	: 2
apicid		: 5
initial apicid	: 5
fpu		: yes
fpu_exception	: yes
cpuid level	: 11
wp		: yes
flags		: fpu vme de pse tsc msr pae mce cx8 apic sep mtrr pge mca cmov pat pse36 clflush dts acpi mmx fxsr sse sse2 ss ht tm pbe syscall nx rdtscp lm constant_tsc arch_perfmon pebs bts rep_good nopl xtopology nonstop_tsc aperfmperf pni dtes64 monitor ds_cpl vmx est tm2 ssse3 cx16 xtpr pdcm pcid sse4_1 sse4_2 popcnt lahf_lm tpr_shadow vnmi flexpriority ept vpid dtherm ida arat
bugs		:
bogomips	: 5320.81
clflush size	: 64
cache_alignment	: 64
address sizes	: 36 bits physical, 48 bits virtual
power management:



Memory: 4k page, physical 3711520k(105952k free), swap 3853820k(0k free)

vm_info: Java HotSpot(TM) 64-Bit Server VM (25.91-b14) for linux-amd64 JRE (1.8.0_91-b14), built on Apr  1 2016 00:57:21 by "java_re" with gcc 4.3.0 20080428 (Red Hat 4.3.0-8)

time: Fri Jul 15 01:04:53 2016
elapsed time: 24 seconds (0d 0h 0m 24s)

